0 info it worked if it ends with ok
1 verbose cli [ '/usr/local/bin/node', '/usr/local/bin/npm', 'install', '-g' ]
2 info using npm@1.4.9
3 info using node@v0.11.13
4 verbose node symlink /usr/local/bin/node
5 verbose cache add [ '.', null ]
6 verbose cache add name=undefined spec="." args=[".",null]
7 verbose parsed url { protocol: null,
7 verbose parsed url   slashes: null,
7 verbose parsed url   auth: null,
7 verbose parsed url   host: null,
7 verbose parsed url   port: null,
7 verbose parsed url   hostname: null,
7 verbose parsed url   hash: null,
7 verbose parsed url   search: null,
7 verbose parsed url   query: null,
7 verbose parsed url   pathname: '.',
7 verbose parsed url   path: '.',
7 verbose parsed url   href: '.' }
8 silly lockFile 3a52ce78- .
9 verbose lock . /Users/stevenmiller/.npm/3a52ce78-.lock
10 verbose tar pack [ '/var/folders/_5/029gmf0139q68k4bd29wd9lr0000gn/T/npm-32436-dTag5MNA/1425616669046-0.7904774483758956/tmp.tgz',
10 verbose tar pack   '.' ]
11 verbose tarball /var/folders/_5/029gmf0139q68k4bd29wd9lr0000gn/T/npm-32436-dTag5MNA/1425616669046-0.7904774483758956/tmp.tgz
12 verbose folder .
13 info prepublish autocommit@0.0.1
14 silly lockFile 1f1177db-tar tar://.
15 verbose lock tar://. /Users/stevenmiller/.npm/1f1177db-tar.lock
16 silly lockFile 0b0d7ece-69046-0-7904774483758956-tmp-tgz tar:///var/folders/_5/029gmf0139q68k4bd29wd9lr0000gn/T/npm-32436-dTag5MNA/1425616669046-0.7904774483758956/tmp.tgz
17 verbose lock tar:///var/folders/_5/029gmf0139q68k4bd29wd9lr0000gn/T/npm-32436-dTag5MNA/1425616669046-0.7904774483758956/tmp.tgz /Users/stevenmiller/.npm/0b0d7ece-69046-0-7904774483758956-tmp-tgz.lock
18 silly lockFile 1f1177db-tar tar://.
19 silly lockFile 1f1177db-tar tar://.
20 silly lockFile 0b0d7ece-69046-0-7904774483758956-tmp-tgz tar:///var/folders/_5/029gmf0139q68k4bd29wd9lr0000gn/T/npm-32436-dTag5MNA/1425616669046-0.7904774483758956/tmp.tgz
21 silly lockFile 0b0d7ece-69046-0-7904774483758956-tmp-tgz tar:///var/folders/_5/029gmf0139q68k4bd29wd9lr0000gn/T/npm-32436-dTag5MNA/1425616669046-0.7904774483758956/tmp.tgz
22 verbose tar unpack /var/folders/_5/029gmf0139q68k4bd29wd9lr0000gn/T/npm-32436-dTag5MNA/1425616669046-0.7904774483758956/tmp.tgz
23 silly lockFile f7696f1a-ler-npm-autocommit-0-0-1-package tar:///Users/stevenmiller/.npm/autocommit/0.0.1/package
24 verbose lock tar:///Users/stevenmiller/.npm/autocommit/0.0.1/package /Users/stevenmiller/.npm/f7696f1a-ler-npm-autocommit-0-0-1-package.lock
25 silly lockFile 0b0d7ece-69046-0-7904774483758956-tmp-tgz tar:///var/folders/_5/029gmf0139q68k4bd29wd9lr0000gn/T/npm-32436-dTag5MNA/1425616669046-0.7904774483758956/tmp.tgz
26 verbose lock tar:///var/folders/_5/029gmf0139q68k4bd29wd9lr0000gn/T/npm-32436-dTag5MNA/1425616669046-0.7904774483758956/tmp.tgz /Users/stevenmiller/.npm/0b0d7ece-69046-0-7904774483758956-tmp-tgz.lock
27 silly gunzTarPerm modes [ '755', '644' ]
28 silly gunzTarPerm extractEntry package.json
29 silly gunzTarPerm extractEntry History.md
30 silly gunzTarPerm extractEntry Makefile
31 silly gunzTarPerm extractEntry Readme.md
32 silly gunzTarPerm extractEntry bin/autocommit
33 silly lockFile f7696f1a-ler-npm-autocommit-0-0-1-package tar:///Users/stevenmiller/.npm/autocommit/0.0.1/package
34 silly lockFile f7696f1a-ler-npm-autocommit-0-0-1-package tar:///Users/stevenmiller/.npm/autocommit/0.0.1/package
35 silly lockFile 0b0d7ece-69046-0-7904774483758956-tmp-tgz tar:///var/folders/_5/029gmf0139q68k4bd29wd9lr0000gn/T/npm-32436-dTag5MNA/1425616669046-0.7904774483758956/tmp.tgz
36 silly lockFile 0b0d7ece-69046-0-7904774483758956-tmp-tgz tar:///var/folders/_5/029gmf0139q68k4bd29wd9lr0000gn/T/npm-32436-dTag5MNA/1425616669046-0.7904774483758956/tmp.tgz
37 silly lockFile 3a52ce78- .
38 silly lockFile 3a52ce78- .
39 silly resolved [ { name: 'autocommit',
39 silly resolved     version: '0.0.1',
39 silly resolved     description: 'Tiny script to automatically generate commits',
39 silly resolved     dependencies: { commander: '^2.6.0', 'simple-git': '^0.14.0' },
39 silly resolved     bin: { autocommit: 'bin/autocommit' },
39 silly resolved     readme: '\n# autocommit\n\nTiny script to automatically generate commits\n\n## Installation\n\n    $ npm install -g autocommit\n\n## Usage\n\n  $ autocommit\n  $ git push origin master\n\n## License\n\nMIT\n',
39 silly resolved     readmeFilename: 'Readme.md',
39 silly resolved     _id: 'autocommit@0.0.1',
39 silly resolved     _shasum: '0705f755a1412171ef8b652aaf693f71bc13b847',
39 silly resolved     _from: '.' } ]
40 info install autocommit@0.0.1 into /usr/local/lib
41 info installOne autocommit@0.0.1
42 info /usr/local/lib/node_modules/autocommit unbuild
43 verbose tar unpack /Users/stevenmiller/.npm/autocommit/0.0.1/package.tgz
44 silly lockFile 77836d0f-ocal-lib-node-modules-autocommit tar:///usr/local/lib/node_modules/autocommit
45 verbose lock tar:///usr/local/lib/node_modules/autocommit /Users/stevenmiller/.npm/77836d0f-ocal-lib-node-modules-autocommit.lock
46 silly lockFile cff47ffe-npm-autocommit-0-0-1-package-tgz tar:///Users/stevenmiller/.npm/autocommit/0.0.1/package.tgz
47 verbose lock tar:///Users/stevenmiller/.npm/autocommit/0.0.1/package.tgz /Users/stevenmiller/.npm/cff47ffe-npm-autocommit-0-0-1-package-tgz.lock
48 silly gunzTarPerm modes [ '755', '644' ]
49 silly gunzTarPerm extractEntry package.json
50 silly gunzTarPerm extractEntry History.md
51 silly gunzTarPerm extractEntry Makefile
52 silly gunzTarPerm extractEntry Readme.md
53 silly gunzTarPerm extractEntry bin/autocommit
54 silly lockFile 77836d0f-ocal-lib-node-modules-autocommit tar:///usr/local/lib/node_modules/autocommit
55 silly lockFile 77836d0f-ocal-lib-node-modules-autocommit tar:///usr/local/lib/node_modules/autocommit
56 silly lockFile cff47ffe-npm-autocommit-0-0-1-package-tgz tar:///Users/stevenmiller/.npm/autocommit/0.0.1/package.tgz
57 silly lockFile cff47ffe-npm-autocommit-0-0-1-package-tgz tar:///Users/stevenmiller/.npm/autocommit/0.0.1/package.tgz
58 info preinstall autocommit@0.0.1
59 verbose readDependencies using package.json deps
60 verbose readDependencies using package.json deps
61 verbose cache add [ 'commander@^2.6.0', null ]
62 verbose cache add name=undefined spec="commander@^2.6.0" args=["commander@^2.6.0",null]
63 verbose parsed url { protocol: null,
63 verbose parsed url   slashes: null,
63 verbose parsed url   auth: null,
63 verbose parsed url   host: null,
63 verbose parsed url   port: null,
63 verbose parsed url   hostname: null,
63 verbose parsed url   hash: null,
63 verbose parsed url   search: null,
63 verbose parsed url   query: null,
63 verbose parsed url   pathname: 'commander@%5E2.6.0',
63 verbose parsed url   path: 'commander@%5E2.6.0',
63 verbose parsed url   href: 'commander@%5E2.6.0' }
64 verbose cache add name="commander" spec="^2.6.0" args=["commander","^2.6.0"]
65 verbose parsed url { protocol: null,
65 verbose parsed url   slashes: null,
65 verbose parsed url   auth: null,
65 verbose parsed url   host: null,
65 verbose parsed url   port: null,
65 verbose parsed url   hostname: null,
65 verbose parsed url   hash: null,
65 verbose parsed url   search: null,
65 verbose parsed url   query: null,
65 verbose parsed url   pathname: '%5E2.6.0',
65 verbose parsed url   path: '%5E2.6.0',
65 verbose parsed url   href: '%5E2.6.0' }
66 verbose addNamed [ 'commander', '^2.6.0' ]
67 verbose addNamed [ null, '>=2.6.0-0 <3.0.0-0' ]
68 silly lockFile 4dd8c786-commander-2-6-0 commander@^2.6.0
69 verbose lock commander@^2.6.0 /Users/stevenmiller/.npm/4dd8c786-commander-2-6-0.lock
70 verbose cache add [ 'simple-git@^0.14.0', null ]
71 verbose cache add name=undefined spec="simple-git@^0.14.0" args=["simple-git@^0.14.0",null]
72 verbose parsed url { protocol: null,
72 verbose parsed url   slashes: null,
72 verbose parsed url   auth: null,
72 verbose parsed url   host: null,
72 verbose parsed url   port: null,
72 verbose parsed url   hostname: null,
72 verbose parsed url   hash: null,
72 verbose parsed url   search: null,
72 verbose parsed url   query: null,
72 verbose parsed url   pathname: 'simple-git@%5E0.14.0',
72 verbose parsed url   path: 'simple-git@%5E0.14.0',
72 verbose parsed url   href: 'simple-git@%5E0.14.0' }
73 verbose cache add name="simple-git" spec="^0.14.0" args=["simple-git","^0.14.0"]
74 verbose parsed url { protocol: null,
74 verbose parsed url   slashes: null,
74 verbose parsed url   auth: null,
74 verbose parsed url   host: null,
74 verbose parsed url   port: null,
74 verbose parsed url   hostname: null,
74 verbose parsed url   hash: null,
74 verbose parsed url   search: null,
74 verbose parsed url   query: null,
74 verbose parsed url   pathname: '%5E0.14.0',
74 verbose parsed url   path: '%5E0.14.0',
74 verbose parsed url   href: '%5E0.14.0' }
75 verbose addNamed [ 'simple-git', '^0.14.0' ]
76 verbose addNamed [ null, '>=0.14.0-0 <0.15.0-0' ]
77 silly lockFile b61276a6-simple-git-0-14-0 simple-git@^0.14.0
78 verbose lock simple-git@^0.14.0 /Users/stevenmiller/.npm/b61276a6-simple-git-0-14-0.lock
79 silly addNameRange { name: 'commander',
79 silly addNameRange   range: '>=2.6.0-0 <3.0.0-0',
79 silly addNameRange   hasData: false }
80 silly addNameRange { name: 'simple-git',
80 silly addNameRange   range: '>=0.14.0-0 <0.15.0-0',
80 silly addNameRange   hasData: false }
81 verbose url raw simple-git
82 verbose url resolving [ 'https://registry.npmjs.org/', './simple-git' ]
83 verbose url resolved https://registry.npmjs.org/simple-git
84 info trying registry request attempt 1 at 20:37:49
85 verbose etag "E9RUZXK7SUTBWWGDVXEUZSD7I"
86 http GET https://registry.npmjs.org/simple-git
87 verbose url raw commander
88 verbose url resolving [ 'https://registry.npmjs.org/', './commander' ]
89 verbose url resolved https://registry.npmjs.org/commander
90 info trying registry request attempt 1 at 20:37:49
91 verbose etag "D0TDI81CVMHOJS2E2GJE1P6C5"
92 http GET https://registry.npmjs.org/commander
93 http 304 https://registry.npmjs.org/commander
94 silly registry.get cb [ 304,
94 silly registry.get   { date: 'Fri, 06 Mar 2015 04:37:50 GMT',
94 silly registry.get     server: 'Apache',
94 silly registry.get     via: '1.1 varnish',
94 silly registry.get     'last-modified': 'Fri, 06 Mar 2015 04:37:50 GMT',
94 silly registry.get     'cache-control': 'max-age=60',
94 silly registry.get     etag: '"D0TDI81CVMHOJS2E2GJE1P6C5"',
94 silly registry.get     age: '14',
94 silly registry.get     'x-served-by': 'cache-sjc3122-SJC',
94 silly registry.get     'x-cache': 'HIT',
94 silly registry.get     'x-cache-hits': '1',
94 silly registry.get     'x-timer': 'S1425616670.914606,VS0,VE0',
94 silly registry.get     vary: 'Accept',
94 silly registry.get     'content-length': '0',
94 silly registry.get     connection: 'close' } ]
95 verbose etag commander from cache
96 silly addNameRange number 2 { name: 'commander', range: '>=2.6.0-0 <3.0.0-0', hasData: true }
97 silly addNameRange versions [ 'commander',
97 silly addNameRange   [ '0.0.1',
97 silly addNameRange     '0.0.3',
97 silly addNameRange     '0.0.4',
97 silly addNameRange     '0.0.5',
97 silly addNameRange     '0.1.0',
97 silly addNameRange     '0.2.0',
97 silly addNameRange     '0.2.1',
97 silly addNameRange     '0.3.0',
97 silly addNameRange     '0.3.1',
97 silly addNameRange     '0.3.2',
97 silly addNameRange     '0.3.3',
97 silly addNameRange     '0.4.0',
97 silly addNameRange     '0.4.1',
97 silly addNameRange     '0.4.2',
97 silly addNameRange     '0.4.3',
97 silly addNameRange     '0.5.0',
97 silly addNameRange     '0.5.1',
97 silly addNameRange     '0.6.0',
97 silly addNameRange     '0.6.1',
97 silly addNameRange     '0.5.2',
97 silly addNameRange     '1.0.0',
97 silly addNameRange     '1.0.1',
97 silly addNameRange     '1.0.2',
97 silly addNameRange     '1.0.3',
97 silly addNameRange     '1.0.4',
97 silly addNameRange     '1.0.5',
97 silly addNameRange     '1.1.0',
97 silly addNameRange     '1.1.1',
97 silly addNameRange     '1.2.0',
97 silly addNameRange     '1.3.0',
97 silly addNameRange     '1.3.1',
97 silly addNameRange     '1.3.2',
97 silly addNameRange     '2.0.0',
97 silly addNameRange     '2.1.0',
97 silly addNameRange     '2.2.0',
97 silly addNameRange     '2.3.0',
97 silly addNameRange     '2.4.0',
97 silly addNameRange     '2.5.0',
97 silly addNameRange     '2.5.1',
97 silly addNameRange     '2.6.0' ] ]
98 verbose addNamed [ 'commander', '2.6.0' ]
99 verbose addNamed [ '2.6.0', '2.6.0' ]
100 silly lockFile 4a88e42c-commander-2-6-0 commander@2.6.0
101 verbose lock commander@2.6.0 /Users/stevenmiller/.npm/4a88e42c-commander-2-6-0.lock
102 silly lockFile 4a88e42c-commander-2-6-0 commander@2.6.0
103 silly lockFile 4a88e42c-commander-2-6-0 commander@2.6.0
104 silly lockFile 4dd8c786-commander-2-6-0 commander@^2.6.0
105 silly lockFile 4dd8c786-commander-2-6-0 commander@^2.6.0
106 http 304 https://registry.npmjs.org/simple-git
107 silly registry.get cb [ 304,
107 silly registry.get   { date: 'Fri, 06 Mar 2015 04:37:50 GMT',
107 silly registry.get     server: 'Apache',
107 silly registry.get     via: '1.1 varnish',
107 silly registry.get     'last-modified': 'Fri, 06 Mar 2015 04:37:51 GMT',
107 silly registry.get     'cache-control': 'max-age=60',
107 silly registry.get     etag: '"E9RUZXK7SUTBWWGDVXEUZSD7I"',
107 silly registry.get     age: '0',
107 silly registry.get     'x-served-by': 'cache-sjc3127-SJC',
107 silly registry.get     'x-cache': 'MISS',
107 silly registry.get     'x-cache-hits': '0',
107 silly registry.get     'x-timer': 'S1425616670.917519,VS0,VE174',
107 silly registry.get     vary: 'Accept',
107 silly registry.get     'content-length': '0',
107 silly registry.get     connection: 'close' } ]
108 verbose etag simple-git from cache
109 silly addNameRange number 2 { name: 'simple-git',
109 silly addNameRange   range: '>=0.14.0-0 <0.15.0-0',
109 silly addNameRange   hasData: true }
110 silly addNameRange versions [ 'simple-git',
110 silly addNameRange   [ '0.0.1',
110 silly addNameRange     '0.0.2',
110 silly addNameRange     '0.1.0',
110 silly addNameRange     '0.1.2',
110 silly addNameRange     '0.2.0',
110 silly addNameRange     '0.3.0',
110 silly addNameRange     '0.4.0',
110 silly addNameRange     '0.5.0',
110 silly addNameRange     '0.6.0',
110 silly addNameRange     '0.7.0',
110 silly addNameRange     '0.8.0',
110 silly addNameRange     '0.9.0',
110 silly addNameRange     '0.10.0',
110 silly addNameRange     '0.11.0',
110 silly addNameRange     '0.12.0',
110 silly addNameRange     '0.13.0',
110 silly addNameRange     '0.14.0' ] ]
111 verbose addNamed [ 'simple-git', '0.14.0' ]
112 verbose addNamed [ '0.14.0', '0.14.0' ]
113 silly lockFile 7ac4af60-simple-git-0-14-0 simple-git@0.14.0
114 verbose lock simple-git@0.14.0 /Users/stevenmiller/.npm/7ac4af60-simple-git-0-14-0.lock
115 silly lockFile 7ac4af60-simple-git-0-14-0 simple-git@0.14.0
116 silly lockFile 7ac4af60-simple-git-0-14-0 simple-git@0.14.0
117 silly lockFile b61276a6-simple-git-0-14-0 simple-git@^0.14.0
118 silly lockFile b61276a6-simple-git-0-14-0 simple-git@^0.14.0
119 silly resolved [ { name: 'commander',
119 silly resolved     version: '2.6.0',
119 silly resolved     description: 'the complete solution for node.js command-line programs',
119 silly resolved     keywords: [ 'command', 'option', 'parser', 'prompt' ],
119 silly resolved     author: { name: 'TJ Holowaychuk', email: 'tj@vision-media.ca' },
119 silly resolved     license: 'MIT',
119 silly resolved     repository: { type: 'git', url: 'https://github.com/tj/commander.js.git' },
119 silly resolved     devDependencies: { should: '>= 0.0.1' },
119 silly resolved     scripts: { test: 'make test' },
119 silly resolved     main: 'index',
119 silly resolved     engines: { node: '>= 0.6.x' },
119 silly resolved     files: [ 'index.js' ],
119 silly resolved     readme: '# Commander.js\n\n [![Build Status](https://api.travis-ci.org/tj/commander.js.svg)](http://travis-ci.org/tj/commander.js)\n[![NPM Version](http://img.shields.io/npm/v/commander.svg?style=flat)](https://www.npmjs.org/package/commander)\n[![NPM Downloads](https://img.shields.io/npm/dm/commander.svg?style=flat)](https://www.npmjs.org/package/commander)\n\n  The complete solution for [node.js](http://nodejs.org) command-line interfaces, inspired by Ruby\'s [commander](https://github.com/tj/commander).  \n  [API documentation](http://tj.github.com/commander.js/)\n\n\n## Installation\n\n    $ npm install commander\n\n## Option parsing\n\n Options with commander are defined with the `.option()` method, also serving as documentation for the options. The example below parses args and options from `process.argv`, leaving remaining args as the `program.args` array which were not consumed by options.\n\n```js\n#!/usr/bin/env node\n\n/**\n * Module dependencies.\n */\n\nvar program = require(\'commander\');\n\nprogram\n  .version(\'0.0.1\')\n  .option(\'-p, --peppers\', \'Add peppers\')\n  .option(\'-P, --pineapple\', \'Add pineapple\')\n  .option(\'-b, --bbq\', \'Add bbq sauce\')\n  .option(\'-c, --cheese [type]\', \'Add the specified type of cheese [marble]\', \'marble\')\n  .parse(process.argv);\n\nconsole.log(\'you ordered a pizza with:\');\nif (program.peppers) console.log(\'  - peppers\');\nif (program.pineapple) console.log(\'  - pineapple\');\nif (program.bbq) console.log(\'  - bbq\');\nconsole.log(\'  - %s cheese\', program.cheese);\n```\n\n Short flags may be passed as a single arg, for example `-abc` is equivalent to `-a -b -c`. Multi-word options such as "--template-engine" are camel-cased, becoming `program.templateEngine` etc.\n\n\n## Coercion\n\n```js\nfunction range(val) {\n  return val.split(\'..\').map(Number);\n}\n\nfunction list(val) {\n  return val.split(\',\');\n}\n\nfunction collect(val, memo) {\n  memo.push(val);\n  return memo;\n}\n\nfunction increaseVerbosity(v, total) {\n  return total + 1;\n}\n\nprogram\n  .version(\'0.0.1\')\n  .usage(\'[options] <file ...>\')\n  .option(\'-i, --integer <n>\', \'An integer argument\', parseInt)\n  .option(\'-f, --float <n>\', \'A float argument\', parseFloat)\n  .option(\'-r, --range <a>..<b>\', \'A range\', range)\n  .option(\'-l, --list <items>\', \'A list\', list)\n  .option(\'-o, --optional [value]\', \'An optional value\')\n  .option(\'-c, --collect [value]\', \'A repeatable value\', collect, [])\n  .option(\'-v, --verbose\', \'A value that can be increased\', increaseVerbosity, 0)\n  .parse(process.argv);\n\nconsole.log(\' int: %j\', program.integer);\nconsole.log(\' float: %j\', program.float);\nconsole.log(\' optional: %j\', program.optional);\nprogram.range = program.range || [];\nconsole.log(\' range: %j..%j\', program.range[0], program.range[1]);\nconsole.log(\' list: %j\', program.list);\nconsole.log(\' collect: %j\', program.collect);\nconsole.log(\' verbosity: %j\', program.verbose);\nconsole.log(\' args: %j\', program.args);\n```\n\n## Variadic arguments\n\n The last argument of a command can be variadic, and only the last argument.  To make an argument variadic you have to\n append `...` to the argument name.  Here is an example:\n\n```js\n#!/usr/bin/env node\n\n/**\n * Module dependencies.\n */\n\nvar program = require(\'commander\');\n\nprogram\n  .version(\'0.0.1\')\n  .command(\'rmdir <dir> [otherDirs...]\')\n  .action(function (dir, otherDirs) {\n    console.log(\'rmdir %s\', dir);\n    if (otherDirs) {\n      otherDirs.forEach(function (oDir) {\n        console.log(\'rmdir %s\', oDir);\n      });\n    }\n  });\n\nprogram.parse(process.argv);\n```\n\n An `Array` is used for the value of a variadic argument.  This applies to `program.args` as well as the argument passed\n to your action as demonstrated above.\n\n## Git-style sub-commands\n\n```js\n// file: ./examples/pm\nvar program = require(\'..\');\n\nprogram\n  .version(\'0.0.1\')\n  .command(\'install [name]\', \'install one or more packages\')\n  .command(\'search [query]\', \'search with optional query\')\n  .command(\'list\', \'list packages installed\')\n  .parse(process.argv);\n```\n\nWhen `.command()` is invoked with a description argument, no `.action(callback)` should be called to handle sub-commands, otherwise there will be an error. This tells commander that you\'re going to use separate executables for sub-commands, much like `git(1)` and other popular tools.  \nThe commander will try to find the executable script in __current directory__ with the name `scriptBasename-subcommand`, like `pm-install`, `pm-search`.\n\n## Automated --help\n\n The help information is auto-generated based on the information commander already knows about your program, so the following `--help` info is for free:\n\n```  \n $ ./examples/pizza --help\n\n   Usage: pizza [options]\n\n   An application for pizzas ordering\n\n   Options:\n\n     -h, --help           output usage information\n     -V, --version        output the version number\n     -p, --peppers        Add peppers\n     -P, --pineapple      Add pineapple\n     -b, --bbq            Add bbq sauce\n     -c, --cheese <type>  Add the specified type of cheese [marble]\n     -C, --no-cheese      You do not want any cheese\n\n```\n\n## Custom help\n\n You can display arbitrary `-h, --help` information\n by listening for "--help". Commander will automatically\n exit once you are done so that the remainder of your program\n does not execute causing undesired behaviours, for example\n in the following executable "stuff" will not output when\n `--help` is used.\n\n```js\n#!/usr/bin/env node\n\n/**\n * Module dependencies.\n */\n\nvar program = require(\'commander\');\n\nprogram\n  .version(\'0.0.1\')\n  .option(\'-f, --foo\', \'enable some foo\')\n  .option(\'-b, --bar\', \'enable some bar\')\n  .option(\'-B, --baz\', \'enable some baz\');\n\n// must be before .parse() since\n// node\'s emit() is immediate\n\nprogram.on(\'--help\', function(){\n  console.log(\'  Examples:\');\n  console.log(\'\');\n  console.log(\'    $ custom-help --help\');\n  console.log(\'    $ custom-help -h\');\n  console.log(\'\');\n});\n\nprogram.parse(process.argv);\n\nconsole.log(\'stuff\');\n```\n\nYields the following help output when `node script-name.js -h` or `node script-name.js --help` are run:\n\n```\n\nUsage: custom-help [options]\n\nOptions:\n\n  -h, --help     output usage information\n  -V, --version  output the version number\n  -f, --foo      enable some foo\n  -b, --bar      enable some bar\n  -B, --baz      enable some baz\n\nExamples:\n\n  $ custom-help --help\n  $ custom-help -h\n\n```\n\n## .outputHelp()\n\n  Output help information without exiting.\n\n## .help()\n\n  Output help information and exit immediately.\n\n## Examples\n\n```js\nvar program = require(\'commander\');\n\nprogram\n  .version(\'0.0.1\')\n  .option(\'-C, --chdir <path>\', \'change the working directory\')\n  .option(\'-c, --config <path>\', \'set config path. defaults to ./deploy.conf\')\n  .option(\'-T, --no-tests\', \'ignore test hook\')\n\nprogram\n  .command(\'setup [env]\')\n  .description(\'run setup commands for all envs\')\n  .option("-s, --setup_mode [mode]", "Which setup mode to use")\n  .action(function(env, options){\n    var mode = options.setup_mode || "normal";\n    env = env || \'all\';\n    console.log(\'setup for %s env(s) with %s mode\', env, mode);\n  });\n\nprogram\n  .command(\'exec <cmd>\')\n  .alias(\'ex\')\n  .description(\'execute the given remote cmd\')\n  .option("-e, --exec_mode <mode>", "Which exec mode to use")\n  .action(function(cmd, options){\n    console.log(\'exec "%s" using %s mode\', cmd, options.exec_mode);\n  }).on(\'--help\', function() {\n    console.log(\'  Examples:\');\n    console.log();\n    console.log(\'    $ deploy exec sequential\');\n    console.log(\'    $ deploy exec async\');\n    console.log();\n  });\n\nprogram\n  .command(\'*\')\n  .action(function(env){\n    console.log(\'deploying "%s"\', env);\n  });\n\nprogram.parse(process.argv);\n```\n\nYou can see more Demos in the [examples](https://github.com/tj/commander.js/tree/master/examples) directory.\n\n## License\n\n(The MIT License)\n\nCopyright (c) 2011 TJ Holowaychuk &lt;tj@vision-media.ca&gt;\n\nPermission is hereby granted, free of charge, to any person obtaining\na copy of this software and associated documentation files (the\n\'Software\'), to deal in the Software without restriction, including\nwithout limitation the rights to use, copy, modify, merge, publish,\ndistribute, sublicense, and/or sell copies of the Software, and to\npermit persons to whom the Software is furnished to do so, subject to\nthe following conditions:\n\nThe above copyright notice and this permission notice shall be\nincluded in all copies or substantial portions of the Software.\n\nTHE SOFTWARE IS PROVIDED \'AS IS\', WITHOUT WARRANTY OF ANY KIND,\nEXPRESS OR IMPLIED, INCLUDING BUT NOT LIMITED TO THE WARRANTIES OF\nMERCHANTABILITY, FITNESS FOR A PARTICULAR PURPOSE AND NONINFRINGEMENT.\nIN NO EVENT SHALL THE AUTHORS OR COPYRIGHT HOLDERS BE LIABLE FOR ANY\nCLAIM, DAMAGES OR OTHER LIABILITY, WHETHER IN AN ACTION OF CONTRACT,\nTORT OR OTHERWISE, ARISING FROM, OUT OF OR IN CONNECTION WITH THE\nSOFTWARE OR THE USE OR OTHER DEALINGS IN THE SOFTWARE.\n',
119 silly resolved     readmeFilename: 'Readme.md',
119 silly resolved     bugs: { url: 'https://github.com/tj/commander.js/issues' },
119 silly resolved     homepage: 'https://github.com/tj/commander.js',
119 silly resolved     _id: 'commander@2.6.0',
119 silly resolved     _shasum: '9df7e52fb2a0cb0fb89058ee80c3104225f37e1d',
119 silly resolved     _from: 'commander@^2.6.0',
119 silly resolved     _resolved: 'https://registry.npmjs.org/commander/-/commander-2.6.0.tgz' },
119 silly resolved   { name: 'simple-git',
119 silly resolved     description: 'Simple GIT interface for node.js',
119 silly resolved     version: '0.14.0',
119 silly resolved     author: { name: 'Steve King', email: 'steve@mydev.co' },
119 silly resolved     contributors: [ [Object] ],
119 silly resolved     dependencies: {},
119 silly resolved     devDependencies: { 'grunt-release-steps': '~0.3.7', grunt: '~0.4.1' },
119 silly resolved     keywords: [ 'git', 'source control', 'vcs' ],
119 silly resolved     repository: { type: 'git', url: 'git://github.com/steveukx/git-js.git' },
119 silly resolved     main: 'src/git.js',
119 silly resolved     bin: {},
119 silly resolved     scripts: {},
119 silly resolved     config: {},
119 silly resolved     engines: { node: '>= 0.10.0' },
119 silly resolved     readme: '# Simple Git\n\nA light weight interface for running git commands in any [node.js](http://nodejs.org) application.\n\n# Installation\n\nEasiest through [npm](http://npmjs.org): `npm install simple-git`\n\n# Dependencies\n\nRelies on [git](http://git-scm.com/downloads) already having been installed on the system, and that it can be called\nusing the command `git`.\n\n# Usage\n\nInclude into your app using:\n\n    var simpleGit = require(\'simple-git\')( workingDirPath );\n\nwhere the `workingDirPath` is optional, defaulting to the current directory.\n\nUse `simpleGit` by chaining any of its functions together. Each function accepts an optional final argument which will\nbe called when that step has been completed. When it is called it has two arguments - firstly an error object (or null\nwhen no error occurred) and secondly the data generated by that call.\n\n`.clone(repoPath, localPath, handlerFn)` clone a remote repo at `repoPath` to a local directory at `localPath`\n\n`.diff(options, handlerFn)` get the diff of the current repo compared to the last commit with a set of options supplied as a string\n\n`.diff(handlerFn)` get the diff for all file in the current repo compared to the last commit\n\n`.pull(remote, branch, handlerFn)` pull all updates from the repo (\'origin\'/\'master\')\n\n`.fetch(remote, branch, handlerFn)` update the local working copy database with changes from a remote repo\n\n`.fetch(handlerFn)` update the local working copy database with changes from the default remote repo and branch\n\n`.tags(handlerFn)` list all tags\n\n`.log([from, to], handlerFn)` list commits between `from` and `to` tags or branch (if not specified will show all history)\n\n`.checkout(checkoutWhat, handlerFn)` checks out the supplied tag, revision or branch\n\n`.checkoutBranch(branchName, startPoint, handlerFn)` checks out a new branch from the supplied start point\n\n`.checkoutLocalBranch(branchName, handlerFn)` checks out a new local branch\n\n`.checkoutLatestTag(handlerFn)` convenience method to pull then checkout the latest tag\n\n`.add([fileA, ...], handlerFn)` adds one or more files to be under source control\n\n`.commit(message, handlerFn)` commits changes in the current working directory with the supplied message\n\n`.commit(message, [fileA, ...], handlerFn)` commits changes on the named files with the supplied message\n\n`.command(gitPath)` sets the command to use to reference git, allows for using a git binary not available on\nthe path environment variable\n\n`.push(remote, branch, handlerFn)` pushes to a named remote and named branch\n\n`.rm([fileA, ...], handlerFn)` removes any number of files from source control\n\n`.rmKeepLocal([fileA, ...], handlerFn)` removes files from source control but leaves them on disk\n\n`.addRemote(name, repo, handlerFn)` adds a new named remote to be tracked as `name` at the path `repo`\n\n`.removeRemote(name, handlerFn)` removes the named remote\n\n`.status(handlerFn)` gets the status of the current repo\n\n`.listRemote([args], handlerFn)` lists remote repositories - there are so many optional arguments in the underlying\n`git ls-remote` call, just supply any you want to use as the optional `args` string.\n\n`outputHandler(handlerFn)` attaches a handler that will be called with the name of the command being run and the\n`stdout` and `stderr` [readable streams](http://nodejs.org/api/stream.html#stream_class_stream_readable) created by\nthe [child process](http://nodejs.org/api/child_process.html#child_process_class_childprocess) running that command.\n\n`.then(handlerFn)` calls a simple function in the current step\n\n# Examples\n\n    // update repo and get a list of tags\n    require(\'simple-git\')(__dirname + \'/some-repo\')\n         .pull()\n         .tags(function(err, tags) {\n            console.log("Latest available tag: %s", tags.latest);\n         });\n\n\n    // update repo and when there are changes, restart the app\n    require(\'simple-git\')()\n         .pull(function(err, update) {\n            if(update && update.summary.changes) {\n               require(\'child_process\').exec(\'npm restart\');\n            }\n         });\n\n    // starting a new repo\n    require(\'simple-git\')()\n         .init()\n         .add(\'./*\')\n         .commit("first commit!")\n         .addRemote(\'origin\', \'https://github.com/user/repo.git\')\n         .push(\'origin\', \'master\');\n\n\n    // piping to the console for long running tasks\n    require(\'simple-git\')()\n         .outputHandler(function (command, stdout, stderr) {\n            stdout.pipe(process.stdout);\n            stderr.pipe(process.stderr);\n         })\n         .checkout(\'https://github.com/user/repo.git\');\n\n    // update repo and print messages when there are changes, restart the app\n    require(\'simple-git\')()\n         .then(function() {\n            console.log(\'Starting pull...\');\n         })\n         .pull(function(err, update) {\n            if(update && update.summary.changes) {\n               require(\'child_process\').exec(\'npm restart\');\n            }\n         })\n         .then(function() {\n            console.log(\'pull done.\');\n         });\n\n    // get a full commits list, and then only between 0.11.0 and 0.12.0 tags\n    require(\'simple-git\')()\n      .log(function(err, log) {\n        console.log(log);\n      })\n      .log(\'0.11.0\', \'0.12.0\', function(err, log) {\n        console.log(log);\n      })\n',
119 silly resolved     readmeFilename: 'readme.md',
119 silly resolved     bugs: { url: 'https://github.com/steveukx/git-js/issues' },
119 silly resolved     homepage: 'https://github.com/steveukx/git-js',
119 silly resolved     _id: 'simple-git@0.14.0',
119 silly resolved     _shasum: 'c453052952424c6a22e90fb3260e3ec7f2fde6fb',
119 silly resolved     _from: 'simple-git@^0.14.0',
119 silly resolved     _resolved: 'https://registry.npmjs.org/simple-git/-/simple-git-0.14.0.tgz' } ]
120 info install commander@2.6.0 into /usr/local/lib/node_modules/autocommit
121 info install simple-git@0.14.0 into /usr/local/lib/node_modules/autocommit
122 info installOne commander@2.6.0
123 info installOne simple-git@0.14.0
124 info /usr/local/lib/node_modules/autocommit/node_modules/commander unbuild
125 info /usr/local/lib/node_modules/autocommit/node_modules/simple-git unbuild
126 verbose tar unpack /Users/stevenmiller/.npm/commander/2.6.0/package.tgz
127 silly lockFile cf572fb7-utocommit-node-modules-commander tar:///usr/local/lib/node_modules/autocommit/node_modules/commander
128 verbose lock tar:///usr/local/lib/node_modules/autocommit/node_modules/commander /Users/stevenmiller/.npm/cf572fb7-utocommit-node-modules-commander.lock
129 silly lockFile f6d701ee--npm-commander-2-6-0-package-tgz tar:///Users/stevenmiller/.npm/commander/2.6.0/package.tgz
130 verbose lock tar:///Users/stevenmiller/.npm/commander/2.6.0/package.tgz /Users/stevenmiller/.npm/f6d701ee--npm-commander-2-6-0-package-tgz.lock
131 verbose tar unpack /Users/stevenmiller/.npm/simple-git/0.14.0/package.tgz
132 silly lockFile 6312189e-tocommit-node-modules-simple-git tar:///usr/local/lib/node_modules/autocommit/node_modules/simple-git
133 verbose lock tar:///usr/local/lib/node_modules/autocommit/node_modules/simple-git /Users/stevenmiller/.npm/6312189e-tocommit-node-modules-simple-git.lock
134 silly lockFile bcb4129a-pm-simple-git-0-14-0-package-tgz tar:///Users/stevenmiller/.npm/simple-git/0.14.0/package.tgz
135 verbose lock tar:///Users/stevenmiller/.npm/simple-git/0.14.0/package.tgz /Users/stevenmiller/.npm/bcb4129a-pm-simple-git-0-14-0-package-tgz.lock
136 silly gunzTarPerm modes [ '755', '644' ]
137 silly gunzTarPerm modes [ '755', '644' ]
138 silly gunzTarPerm extractEntry package.json
139 silly gunzTarPerm modified mode [ 'package.json', 436, 420 ]
140 silly gunzTarPerm extractEntry package.json
141 silly gunzTarPerm extractEntry index.js
142 silly gunzTarPerm modified mode [ 'index.js', 436, 420 ]
143 silly gunzTarPerm extractEntry Readme.md
144 silly gunzTarPerm modified mode [ 'Readme.md', 436, 420 ]
145 silly gunzTarPerm extractEntry History.md
146 silly gunzTarPerm modified mode [ 'History.md', 436, 420 ]
147 silly gunzTarPerm extractEntry .npmignore
148 silly gunzTarPerm extractEntry GruntFile.js
149 silly gunzTarPerm extractEntry readme.md
150 silly gunzTarPerm extractEntry src/git.js
151 silly lockFile cf572fb7-utocommit-node-modules-commander tar:///usr/local/lib/node_modules/autocommit/node_modules/commander
152 silly lockFile cf572fb7-utocommit-node-modules-commander tar:///usr/local/lib/node_modules/autocommit/node_modules/commander
153 silly lockFile 6312189e-tocommit-node-modules-simple-git tar:///usr/local/lib/node_modules/autocommit/node_modules/simple-git
154 silly lockFile 6312189e-tocommit-node-modules-simple-git tar:///usr/local/lib/node_modules/autocommit/node_modules/simple-git
155 silly lockFile f6d701ee--npm-commander-2-6-0-package-tgz tar:///Users/stevenmiller/.npm/commander/2.6.0/package.tgz
156 silly lockFile f6d701ee--npm-commander-2-6-0-package-tgz tar:///Users/stevenmiller/.npm/commander/2.6.0/package.tgz
157 silly lockFile bcb4129a-pm-simple-git-0-14-0-package-tgz tar:///Users/stevenmiller/.npm/simple-git/0.14.0/package.tgz
158 silly lockFile bcb4129a-pm-simple-git-0-14-0-package-tgz tar:///Users/stevenmiller/.npm/simple-git/0.14.0/package.tgz
159 info preinstall commander@2.6.0
160 info preinstall simple-git@0.14.0
161 verbose readDependencies using package.json deps
162 verbose readDependencies using package.json deps
163 silly resolved []
164 verbose about to build /usr/local/lib/node_modules/autocommit/node_modules/commander
165 info build /usr/local/lib/node_modules/autocommit/node_modules/commander
166 verbose linkStuff [ true,
166 verbose linkStuff   '/usr/local/lib/node_modules',
166 verbose linkStuff   false,
166 verbose linkStuff   '/usr/local/lib/node_modules/autocommit/node_modules' ]
167 info linkStuff commander@2.6.0
168 verbose readDependencies using package.json deps
169 verbose readDependencies using package.json deps
170 silly resolved []
171 verbose about to build /usr/local/lib/node_modules/autocommit/node_modules/simple-git
172 info build /usr/local/lib/node_modules/autocommit/node_modules/simple-git
173 verbose linkStuff [ true,
173 verbose linkStuff   '/usr/local/lib/node_modules',
173 verbose linkStuff   false,
173 verbose linkStuff   '/usr/local/lib/node_modules/autocommit/node_modules' ]
174 info linkStuff simple-git@0.14.0
175 verbose linkBins commander@2.6.0
176 verbose linkMans commander@2.6.0
177 verbose rebuildBundles commander@2.6.0
178 info install commander@2.6.0
179 verbose linkBins simple-git@0.14.0
180 verbose link bins [ {},
180 verbose link bins   '/usr/local/lib/node_modules/autocommit/node_modules/.bin',
180 verbose link bins   false ]
181 verbose linkMans simple-git@0.14.0
182 verbose rebuildBundles simple-git@0.14.0
183 info install simple-git@0.14.0
184 info postinstall commander@2.6.0
185 info postinstall simple-git@0.14.0
186 verbose about to build /usr/local/lib/node_modules/autocommit
187 info build /usr/local/lib/node_modules/autocommit
188 verbose linkStuff [ true,
188 verbose linkStuff   '/usr/local/lib/node_modules',
188 verbose linkStuff   true,
188 verbose linkStuff   '/usr/local/lib/node_modules' ]
189 info linkStuff autocommit@0.0.1
190 verbose linkBins autocommit@0.0.1
191 verbose link bins [ { autocommit: 'bin/autocommit' }, '/usr/local/bin', true ]
192 verbose linkMans autocommit@0.0.1
193 verbose rebuildBundles autocommit@0.0.1
194 verbose rebuildBundles [ 'commander', 'simple-git' ]
195 info install autocommit@0.0.1
196 info postinstall autocommit@0.0.1
197 warn unmet dependency /usr/local/lib/node_modules/npm/node_modules/fs-vacuum requires graceful-fs@'^3.0.2' but will load
197 warn unmet dependency /usr/local/lib/node_modules/npm/node_modules/graceful-fs,
197 warn unmet dependency which is version 2.0.2
198 warn unmet dependency /usr/local/lib/node_modules/npm/node_modules/fs-vacuum requires rimraf@'^2.2.8' but will load
198 warn unmet dependency /usr/local/lib/node_modules/npm/node_modules/rimraf,
198 warn unmet dependency which is version 2.2.6
199 warn unmet dependency /usr/local/lib/node_modules/npm/node_modules/npm-package-arg requires semver@'4' but will load
199 warn unmet dependency /usr/local/lib/node_modules/npm/node_modules/semver,
199 warn unmet dependency which is version 2.2.1
200 warn unmet dependency /usr/local/lib/node_modules/npm/node_modules/fs-write-stream-atomic requires graceful-fs@'^3.0.2' but will load
200 warn unmet dependency /usr/local/lib/node_modules/npm/node_modules/graceful-fs,
200 warn unmet dependency which is version 2.0.2
201 warn unmet dependency /usr/local/lib/node_modules/npm/node_modules/normalize-package-data requires github-url-from-git@'^1.3.0' but will load
201 warn unmet dependency /usr/local/lib/node_modules/npm/node_modules/github-url-from-git,
201 warn unmet dependency which is version 1.1.1
202 warn unmet dependency /usr/local/lib/node_modules/npm/node_modules/normalize-package-data requires github-url-from-username-repo@'^1.0.0' but will load
202 warn unmet dependency /usr/local/lib/node_modules/npm/node_modules/github-url-from-username-repo,
202 warn unmet dependency which is version 0.1.0
203 warn unmet dependency /usr/local/lib/node_modules/npm/node_modules/write-file-atomic requires graceful-fs@'^3.0.2' but will load
203 warn unmet dependency /usr/local/lib/node_modules/npm/node_modules/graceful-fs,
203 warn unmet dependency which is version 2.0.2
204 warn unmet dependency /usr/local/lib/node_modules/npm/node_modules/npm-registry-client/node_modules/npm-package-arg requires semver@'4' but will load
204 warn unmet dependency /usr/local/lib/node_modules/npm/node_modules/semver,
204 warn unmet dependency which is version 2.2.1
205 warn unmet dependency /usr/local/lib/node_modules/npm/node_modules/read-installed/node_modules/readdir-scoped-modules requires graceful-fs@'^3.0.4' but will load
205 warn unmet dependency /usr/local/lib/node_modules/npm/node_modules/graceful-fs,
205 warn unmet dependency which is version 2.0.2
206 error peerinvalid The package react does not satisfy its siblings' peerDependencies requirements!
206 error peerinvalid Peer react-cli@0.1.0 wants react@^0.11.1
207 error System Darwin 14.1.0
208 error command "/usr/local/bin/node" "/usr/local/bin/npm" "install" "-g"
209 error cwd /Users/stevenmiller/Desktop/autocommit
210 error node -v v0.11.13
211 error npm -v 1.4.9
212 error code EPEERINVALID
213 verbose exit [ 1, true ]
